0 info it worked if it ends with ok
1 verbose cli [ '/usr/bin/nodejs', '/usr/bin/npm', 'publish' ]
2 info using npm@2.14.12
3 info using node@v4.2.6
4 verbose publish [ '.' ]
5 silly cache add args [ '.', null ]
6 verbose cache add spec .
7 silly cache add parsed spec Result {
7 silly cache add   raw: '.',
7 silly cache add   scope: null,
7 silly cache add   name: null,
7 silly cache add   rawSpec: '.',
7 silly cache add   spec: '/home/dodekeract/code/manta-config-engine',
7 silly cache add   type: 'directory' }
8 verbose addLocalDirectory /home/dodekeract/.npm/dota2-manta-config-engine/1.1.0/package.tgz not in flight; packing
9 verbose tar pack [ '/home/dodekeract/.npm/dota2-manta-config-engine/1.1.0/package.tgz',
9 verbose tar pack   '/home/dodekeract/code/manta-config-engine' ]
10 verbose tarball /home/dodekeract/.npm/dota2-manta-config-engine/1.1.0/package.tgz
11 verbose folder /home/dodekeract/code/manta-config-engine
12 info prepublish dota2-manta-config-engine@1.1.0
13 verbose addLocalTarball adding from inside cache /home/dodekeract/.npm/dota2-manta-config-engine/1.1.0/package.tgz
14 silly cache afterAdd dota2-manta-config-engine@1.1.0
15 verbose afterAdd /home/dodekeract/.npm/dota2-manta-config-engine/1.1.0/package/package.json not in flight; writing
16 verbose afterAdd /home/dodekeract/.npm/dota2-manta-config-engine/1.1.0/package/package.json written
17 silly publish { name: 'dota2-manta-config-engine',
17 silly publish   version: '1.1.0',
17 silly publish   description: 'Dota 2 configuration builder. Compiles JSON to autoexec.',
17 silly publish   main: 'source/index.js',
17 silly publish   repository:
17 silly publish    { type: 'git',
17 silly publish      url: 'git+https://github.com/dodekeract/manta-config-engine.git' },
17 silly publish   keywords:
17 silly publish    [ 'dota2',
17 silly publish      'dota-2',
17 silly publish      'dota',
17 silly publish      '2',
17 silly publish      'manta',
17 silly publish      'config-engine',
17 silly publish      'autoexec',
17 silly publish      'build' ],
17 silly publish   bin: { 'manta-config-engine': 'source/cli.js' },
17 silly publish   author: { name: 'Florian Wendelborn' },
17 silly publish   license: 'MIT',
17 silly publish   bugs: { url: 'https://github.com/dodekeract/manta-config-engine/issues' },
17 silly publish   homepage: 'https://github.com/dodekeract/manta-config-engine#readme',
17 silly publish   dependencies: { codements: '0.0.7', minimist: '^1.2.0' },
17 silly publish   readme: '# Manta Config Engine\n\n[![Join the chat at https://gitter.im/dodekeract/manta-config-engine](https://badges.gitter.im/Join%20Chat.svg)](https://gitter.im/dodekeract/manta-config-engine)\n[![MIT License](https://img.shields.io/badge/license-MIT-blue.svg)](http://opensource.org/licenses/MIT)\n[![Code Climate](https://codeclimate.com/github/dodekeract/manta-config-engine/badges/gpa.svg)](https://codeclimate.com/github/dodekeract/manta-config-engine)\n[![NPM Downloads](https://img.shields.io/npm/dm/dota2-manta-config-engine.svg)](https://npmjs.com/package/dota2-manta-config-engine)\n[![NPM Dependencies](https://david-dm.org/dodekeract/manta-config-engine.png)](https://david-dm.org/dodekeract/manta-config-engine)\n[![Code Documentation](https://inch-ci.org/github/dodekeract/manta-config-engine.svg)](https://inch-ci.org/github/dodekeract/manta-config-engine)\n\nDota 2 configuration builder. Compiles `JSON` to `autoexec`. There also is [a web-app](https://github.com/dodekeract/manta-config-engine-app) to easily create presets and build your own autoexec. The app [is hosted on my personal server](https://manta.dodekeract.report), so you don\'t have to set it up to use it.\n\n## CLI Installation\n- Install [node.js](https://nodejs.org)\n- Run `npm install -g dota2-manta-config-engine`.\n- Execute `manta-config-engine path-to-preset`, where `path-to-preset` is a relative path.\n\nBeware that the CLI will assume that your Dota 2 is installed in the default Steam location. Use `--path` to specify a different one.\n\n## Library Installation\n- Install [node.js](https://nodejs.org)\n- Run `npm install -g dota2-manta-config-engine`\n- Require manta in your code `var manta = require(\'dota2-manta-config-engine\')`\n\n## CLI options\n- `--path=customPath` set a custom output path\n\n## Library usage\n\n### manta.compile(preset, callback)\n- Expects a valid preset, see `presets/default.json`.\n- Calls `callback` with `err` and `data`. Data is an object containing the `.cfg` filenames and their compiled data.\n\n### manta.data\n\n#### manta.data.positions\nReturns an object with all camera positions manta currently uses\n\n#### manta.data.phrases\nReturns an object containing all current chatwheel phrases\n\n### manta.parser\n\n#### manta.parser.Layout\ninternally used class to parse layouts\n\n#### manta.parser.Setting\ninternally used class to parse settings\n\n#### manta.parser.Chatwheel\ninternally used class to parse chatwheels\n\n#### manta.parser.Dependency\ninternally used class to resolve dependencies\n\n## Contribute Your Presets\n- Fork this project.\n- Create your own preset file.\n- Create a pull request.\n\n## Contribute Engine Changes\n- Fork this project.\n- Implement new features.\n- Create a pull request.\n\n## Special Thanks\n- ["The Core"-Config by loopuleasa](https://github.com/loopuleasa/dota2-thecore-config-engine)\n',
17 silly publish   readmeFilename: 'README.md',
17 silly publish   gitHead: '5adb4be3e00da64521f012285c0821452ac6803a',
17 silly publish   _id: 'dota2-manta-config-engine@1.1.0',
17 silly publish   scripts: {},
17 silly publish   _shasum: 'a733ae208b54e1f317183bc9e95fe0195002286d',
17 silly publish   _from: '.' }
18 verbose getPublishConfig undefined
19 silly mapToRegistry name dota2-manta-config-engine
20 silly mapToRegistry using default registry
21 silly mapToRegistry registry https://registry.npmjs.org/
22 silly mapToRegistry uri https://registry.npmjs.org/dota2-manta-config-engine
23 verbose publish registryBase https://registry.npmjs.org/
24 silly publish uploading /home/dodekeract/.npm/dota2-manta-config-engine/1.1.0/package.tgz
25 verbose request uri https://registry.npmjs.org/dota2-manta-config-engine
26 verbose request sending authorization for write operation
27 info attempt registry request try #1 at 8:46:29 AM
28 verbose request using bearer token for auth
29 verbose request id 31e8ebbf29a2b4a3
30 http request PUT https://registry.npmjs.org/dota2-manta-config-engine
31 http 500 https://registry.npmjs.org/dota2-manta-config-engine
32 verbose headers { 'content-type': 'application/json',
32 verbose headers   'cache-control': 'max-age=0',
32 verbose headers   'content-length': '41',
32 verbose headers   'accept-ranges': 'bytes',
32 verbose headers   date: 'Sat, 30 Jan 2016 07:47:00 GMT',
32 verbose headers   via: '1.1 varnish',
32 verbose headers   connection: 'keep-alive',
32 verbose headers   'x-served-by': 'cache-ams4147-AMS',
32 verbose headers   'x-cache': 'MISS',
32 verbose headers   'x-cache-hits': '0',
32 verbose headers   'x-timer': 'S1454139989.818762,VS0,VE30452' }
33 info retry will retry, error on last attempt: Error: Authorization service failure : dota2-manta-config-engine
34 info attempt registry request try #2 at 8:47:10 AM
35 verbose request using bearer token for auth
36 http request PUT https://registry.npmjs.org/dota2-manta-config-engine
37 http 500 https://registry.npmjs.org/dota2-manta-config-engine
38 verbose headers { 'content-type': 'application/json',
38 verbose headers   'cache-control': 'max-age=0',
38 verbose headers   'content-length': '41',
38 verbose headers   'accept-ranges': 'bytes',
38 verbose headers   date: 'Sat, 30 Jan 2016 07:47:40 GMT',
38 verbose headers   via: '1.1 varnish',
38 verbose headers   connection: 'keep-alive',
38 verbose headers   'x-served-by': 'cache-fra1241-FRA',
38 verbose headers   'x-cache': 'MISS',
38 verbose headers   'x-cache-hits': '0',
38 verbose headers   'x-timer': 'S1454140030.435542,VS0,VE30444' }
39 info retry will retry, error on last attempt: Error: Authorization service failure : dota2-manta-config-engine
40 info attempt registry request try #3 at 8:48:40 AM
41 verbose request using bearer token for auth
42 http request PUT https://registry.npmjs.org/dota2-manta-config-engine
43 http 500 https://registry.npmjs.org/dota2-manta-config-engine
44 verbose headers { 'content-type': 'application/json',
44 verbose headers   'cache-control': 'max-age=0',
44 verbose headers   'content-length': '41',
44 verbose headers   'accept-ranges': 'bytes',
44 verbose headers   date: 'Sat, 30 Jan 2016 07:49:11 GMT',
44 verbose headers   via: '1.1 varnish',
44 verbose headers   connection: 'keep-alive',
44 verbose headers   'x-served-by': 'cache-fra1229-FRA',
44 verbose headers   'x-cache': 'MISS',
44 verbose headers   'x-cache-hits': '0',
44 verbose headers   'x-timer': 'S1454140121.084960,VS0,VE30457' }
45 verbose request invalidating /home/dodekeract/.npm/registry.npmjs.org/dota2-manta-config-engine on PUT
46 error publish Failed PUT 500
47 verbose stack Error: Authorization service failure : dota2-manta-config-engine
47 verbose stack     at makeError (/usr/lib/node_modules/npm/node_modules/npm-registry-client/lib/request.js:264:12)
47 verbose stack     at CachingRegistryClient.<anonymous> (/usr/lib/node_modules/npm/node_modules/npm-registry-client/lib/request.js:252:14)
47 verbose stack     at Request._callback (/usr/lib/node_modules/npm/node_modules/npm-registry-client/lib/request.js:172:14)
47 verbose stack     at Request.self.callback (/usr/lib/node_modules/npm/node_modules/request/request.js:198:22)
47 verbose stack     at emitTwo (events.js:87:13)
47 verbose stack     at Request.emit (events.js:172:7)
47 verbose stack     at Request.<anonymous> (/usr/lib/node_modules/npm/node_modules/request/request.js:1082:10)
47 verbose stack     at emitOne (events.js:82:20)
47 verbose stack     at Request.emit (events.js:169:7)
47 verbose stack     at IncomingMessage.<anonymous> (/usr/lib/node_modules/npm/node_modules/request/request.js:1009:12)
48 verbose statusCode 500
49 verbose pkgid dota2-manta-config-engine
50 verbose cwd /home/dodekeract/code/manta-config-engine
51 error Linux 4.2.0-22-generic
52 error argv "/usr/bin/nodejs" "/usr/bin/npm" "publish"
53 error node v4.2.6
54 error npm  v2.14.12
55 error code E500
56 error Authorization service failure : dota2-manta-config-engine
57 error If you need help, you may report this error at:
57 error     <https://github.com/npm/npm/issues>
58 verbose exit [ 1, true ]
